<?xml version="1.0" encoding="UTF-8"?>
<testsuite name="NewTest" tests="1" skipped="0" failures="0" errors="0" timestamp="2022-03-28T07:06:00" hostname="DESKTOP-49GHDH2" time="4.259">
  <properties/>
  <testcase name="test()" classname="NewTest" time="4.259"/>
  <system-out><![CDATA[오레하하드=====
"내이름계란말이죠"
"욘온순","미스갱츈","갱타리나","욘욘슬","버섯커욘","욘욘수니",]]></system-out>
  <system-err><![CDATA[SLF4J: Failed to load class "org.slf4j.impl.StaticLoggerBinder".
SLF4J: Defaulting to no-operation (NOP) logger implementation
SLF4J: See http://www.slf4j.org/codes.html#StaticLoggerBinder for further details.
]]></system-err>
</testsuite>
